<?xml version="1.0" encoding="UTF-8"?>
<testsuite xmlns:xsi="http://www.w3.org/2001/XMLSchema-instance" xsi:noNamespaceSchemaLocation="https://maven.apache.org/surefire/maven-surefire-plugin/xsd/surefire-test-report.xsd" version="3.0.2" name="com.starmodestudios.gamersupplies.GamerSuppliesApplicationTests" time="5.237" tests="1" errors="0" skipped="0" failures="0">
  <properties>
[...]
</properties>
  <testcase name="contextLoads" classname="com.starmodestudios.gamersupplies.GamerSuppliesApplicationTests" time="0.009">
    <system-out><![CDATA[2026-03-13T02:13:09.261-04:00  INFO 6572 --- [gamerSupplies] [           main] t.c.s.AnnotationConfigContextLoaderUtils : Could not detect default configuration classes for test class [com.starmodestudios.gamersupplies.GamerSuppliesApplicationTests]: GamerSuppliesApplicationTests does not declare any static, non-private, non-final, nested classes annotated with @Configuration.
2026-03-13T02:13:09.316-04:00  INFO 6572 --- [gamerSupplies] [           main] .b.t.c.SpringBootTestContextBootstrapper : Found @SpringBootConfiguration com.starmodestudios.gamersupplies.GamerSuppliesApplication for test class com.starmodestudios.gamersupplies.GamerSuppliesApplicationTests

  .   ____          _            __ _ _
 /\\ / ___'_ __ _ _(_)_ __  __ _ \ \ \ \
( ( )\___ | '_ | '_| | '_ \/ _` | \ \ \ \
 \\/  ___)| |_)| | | | | || (_| |  ) ) ) )
  '  |____| .__|_| |_|_| |_\__, | / / / /
 =========|_|==============|___/=/_/_/_/

 :: Spring Boot ::                (v3.4.2)

2026-03-13T02:13:09.399-04:00  INFO 6572 --- [gamerSupplies] [           main] c.s.g.GamerSuppliesApplicationTests      : Starting GamerSuppliesApplicationTests using Java 17.0.16 with PID 6572 (started by Jerin in D:\GamerSupplies)
2026-03-13T02:13:09.401-04:00  INFO 6572 --- [gamerSupplies] [           main] c.s.g.GamerSuppliesApplicationTests      : No active profile set, falling back to 1 default profile: "default"
2026-03-13T02:13:09.958-04:00  INFO 6572 --- [gamerSupplies] [           main] .s.d.r.c.RepositoryConfigurationDelegate : Bootstrapping Spring Data JPA repositories in DEFAULT mode.
2026-03-13T02:13:10.063-04:00  INFO 6572 --- [gamerSupplies] [           main] .s.d.r.c.RepositoryConfigurationDelegate : Finished Spring Data repository scanning in 80 ms. Found 1 JPA repository interface.
2026-03-13T02:13:10.759-04:00  INFO 6572 --- [gamerSupplies] [           main] o.hibernate.jpa.internal.util.LogHelper  : HHH000204: Processing PersistenceUnitInfo [name: default]
2026-03-13T02:13:10.912-04:00  INFO 6572 --- [gamerSupplies] [           main] org.hibernate.Version                    : HHH000412: Hibernate ORM core version 6.6.5.Final
2026-03-13T02:13:11.000-04:00  INFO 6572 --- [gamerSupplies] [           main] o.h.c.internal.RegionFactoryInitiator    : HHH000026: Second-level cache disabled
2026-03-13T02:13:11.312-04:00  INFO 6572 --- [gamerSupplies] [           main] o.s.o.j.p.SpringPersistenceUnitInfo      : No LoadTimeWeaver setup: ignoring JPA class transformer
2026-03-13T02:13:11.418-04:00  INFO 6572 --- [gamerSupplies] [           main] com.zaxxer.hikari.HikariDataSource       : HikariPool-1 - Starting...
2026-03-13T02:13:11.709-04:00  INFO 6572 --- [gamerSupplies] [           main] com.zaxxer.hikari.pool.HikariPool        : HikariPool-1 - Added connection conn0: url=jdbc:h2:mem:gamersuppliesdb user=SA
2026-03-13T02:13:11.711-04:00  INFO 6572 --- [gamerSupplies] [           main] com.zaxxer.hikari.HikariDataSource       : HikariPool-1 - Start completed.
2026-03-13T02:13:11.770-04:00  WARN 6572 --- [gamerSupplies] [           main] org.hibernate.orm.deprecation            : HHH90000025: H2Dialect does not need to be specified explicitly using 'hibernate.dialect' (remove the property setting and it will be selected by default)
2026-03-13T02:13:11.803-04:00  INFO 6572 --- [gamerSupplies] [           main] org.hibernate.orm.connections.pooling    : HHH10001005: Database info:
	Database JDBC URL [Connecting through datasource 'HikariDataSource (HikariPool-1)']
	Database driver: undefined/unknown
	Database version: 2.3.232
	Autocommit mode: undefined/unknown
	Isolation level: undefined/unknown
	Minimum pool size: undefined/unknown
	Maximum pool size: undefined/unknown
2026-03-13T02:13:12.992-04:00  INFO 6572 --- [gamerSupplies] [           main] o.h.e.t.j.p.i.JtaPlatformInitiator       : HHH000489: No JTA platform available (set 'hibernate.transaction.jta.platform' to enable JTA platform integration)
Hibernate: drop table if exists products cascade 
Hibernate: create table products (price float(53) not null, quantity integer not null check ((quantity>=0) and (quantity<=9999)), id bigint generated by default as identity, sku varchar(50) not null unique, name varchar(100) not null, description varchar(500) not null, category varchar(255) not null, primary key (id))
2026-03-13T02:13:13.029-04:00  INFO 6572 --- [gamerSupplies] [           main] j.LocalContainerEntityManagerFactoryBean : Initialized JPA EntityManagerFactory for persistence unit 'default'
2026-03-13T02:13:13.526-04:00  WARN 6572 --- [gamerSupplies] [           main] JpaBaseConfiguration$JpaWebConfiguration : spring.jpa.open-in-view is enabled by default. Therefore, database queries may be performed during view rendering. Explicitly configure spring.jpa.open-in-view to disable this warning
2026-03-13T02:13:13.605-04:00  WARN 6572 --- [gamerSupplies] [           main] .s.s.UserDetailsServiceAutoConfiguration : 

Using generated security password: 02b9dc84-b4b5-4901-a73d-b54e6fdb36cd

This generated password is for development use only. Your security configuration must be updated before running your application in production.

2026-03-13T02:13:13.609-04:00  INFO 6572 --- [gamerSupplies] [           main] r$InitializeUserDetailsManagerConfigurer : Global AuthenticationManager configured with UserDetailsService bean with name inMemoryUserDetailsManager
2026-03-13T02:13:14.400-04:00  INFO 6572 --- [gamerSupplies] [           main] o.s.b.a.h2.H2ConsoleAutoConfiguration    : H2 console available at '/h2-console'. Database available at 'jdbc:h2:mem:gamersuppliesdb'
2026-03-13T02:13:14.482-04:00  INFO 6572 --- [gamerSupplies] [           main] c.s.g.GamerSuppliesApplicationTests      : Started GamerSuppliesApplicationTests in 5.153 seconds (process running for 14.326)
]]></system-out>
  </testcase>
</testsuite>